<?xml version="1.0" encoding="UTF-8"?>
<testsuite name="SimpleSearchEngineTest" tests="1" skipped="0" failures="0" errors="0" timestamp="2020-08-04T19:41:09" hostname="DESKTOP-V5L7Q4Q" time="0.138">
  <properties/>
  <testcase name="start" classname="SimpleSearchEngineTest" time="0.138"/>
  <system-out><![CDATA[?[1;31m
Start test 1?[0m

Enter the number of people:
> 6
Enter all people:
> Dwight Joseph djo@gmail.com
> Rene Webb webb@gmail.com
> Katie Jacobs
> Erick Harrington harrington@gmail.com
> Myrtle Medina
> Erick Burgess

=== Menu ===
1. Find a person
2. Print all people
0. Exit
> 2

=== List of people ===
Dwight Joseph djo@gmail.com
Rene Webb webb@gmail.com
Katie Jacobs
Erick Harrington harrington@gmail.com
Myrtle Medina
Erick Burgess

=== Menu ===
1. Find a person
2. Print all people
0. Exit
> 0

Bye!
?[1;31m
Start test 2?[0m

Enter the number of people:
> 6
Enter all people:
> Dwight Joseph djo@gmail.com
> Rene Webb webb@gmail.com
> Katie Jacobs
> Erick Harrington harrington@gmail.com
> Myrtle Medina
> Erick Burgess

=== Menu ===
1. Find a person
2. Print all people
0. Exit
> 1

Enter data to search people:
> burgess
Erick Burgess

=== Menu ===
1. Find a person
2. Print all people
0. Exit
> 0

Bye!
?[1;31m
Start test 3?[0m

Enter the number of people:
> 6
Enter all people:
> Dwight Joseph djo@gmail.com
> Rene Webb webb@gmail.com
> Katie Jacobs
> Erick Harrington harrington@gmail.com
> Myrtle Medina
> Erick Burgess

=== Menu ===
1. Find a person
2. Print all people
0. Exit
> 1

Enter data to search people:
> erick
Erick Harrington harrington@gmail.com
Erick Burgess

=== Menu ===
1. Find a person
2. Print all people
0. Exit
> 0

Bye!
?[1;31m
Start test 4?[0m

Enter the number of people:
> 6
Enter all people:
> Dwight Joseph djo@gmail.com
> Rene Webb webb@gmail.com
> Katie Jacobs
> Erick Harrington harrington@gmail.com
> Myrtle Medina
> Erick Burgess

=== Menu ===
1. Find a person
2. Print all people
0. Exit
> 3

=== Menu ===
1. Find a person
2. Print all people
0. Exit
> 1

Enter data to search people:
> burgess
Erick Burgess

=== Menu ===
1. Find a person
2. Print all people
0. Exit
> 2

=== List of people ===
Dwight Joseph djo@gmail.com
Rene Webb webb@gmail.com
Katie Jacobs
Erick Harrington harrington@gmail.com
Myrtle Medina
Erick Burgess

=== Menu ===
1. Find a person
2. Print all people
0. Exit
> 2

=== List of people ===
Dwight Joseph djo@gmail.com
Rene Webb webb@gmail.com
Katie Jacobs
Erick Harrington harrington@gmail.com
Myrtle Medina
Erick Burgess

=== Menu ===
1. Find a person
2. Print all people
0. Exit
> 1

Enter data to search people:
> erick
Erick Harrington harrington@gmail.com
Erick Burgess

=== Menu ===
1. Find a person
2. Print all people
0. Exit
> 0

Bye!
?[1;31m
Start test 5?[0m

Enter the number of people:
> 6
Enter all people:
> Dwight Joseph djo@gmail.com
> Rene Webb webb@gmail.com
> Katie Jacobs
> Erick Harrington harrington@gmail.com
> Myrtle Medina
> Erick Burgess

=== Menu ===
1. Find a person
2. Print all people
0. Exit
> 2

=== List of people ===
Dwight Joseph djo@gmail.com
Rene Webb webb@gmail.com
Katie Jacobs
Erick Harrington harrington@gmail.com
Myrtle Medina
Erick Burgess

=== Menu ===
1. Find a person
2. Print all people
0. Exit
> 1

Enter data to search people:
> @
Dwight Joseph djo@gmail.com
Rene Webb webb@gmail.com
Erick Harrington harrington@gmail.com

=== Menu ===
1. Find a person
2. Print all people
0. Exit
> 1

Enter data to search people:
> this text never find some match
No matching people found.

=== Menu ===
1. Find a person
2. Print all people
0. Exit
> 2

=== List of people ===
Dwight Joseph djo@gmail.com
Rene Webb webb@gmail.com
Katie Jacobs
Erick Harrington harrington@gmail.com
Myrtle Medina
Erick Burgess

=== Menu ===
1. Find a person
2. Print all people
0. Exit
> 0

Bye!
?[1;31m
Start test 6?[0m

Enter the number of people:
> 6
Enter all people:
> Dwight Joseph djo@gmail.com
> Rene Webb webb@gmail.com
> Katie Jacobs
> Erick Harrington harrington@gmail.com
> Myrtle Medina
> Erick Burgess

=== Menu ===
1. Find a person
2. Print all people
0. Exit
> 0

Bye!
]]></system-out>
  <system-err><![CDATA[]]></system-err>
</testsuite>
